000 (251375.000.000) 2024-04-18 16:15:14 Job submitted from host: <128.104.100.148:9618?addrs=128.104.100.148-9618+[2607-f388-107c-501-216-3eff-feb2-bc11]-9618&alias=learn.chtc.wisc.edu&noUDP&sock=schedd_1351356_64bc>
...
040 (251375.000.000) 2024-04-18 16:16:08 Started transferring input files
	Transferring to host: <128.105.69.208:9618?addrs=128.105.69.208-9618+[2607-f388-2200-100-eaeb-d3ff-fe3f-fbcc]-9618&alias=e2591.chtc.wisc.edu&noUDP&sock=slot1_51_2900050_5363_59912>
...
040 (251375.000.000) 2024-04-18 16:16:58 Finished transferring input files
...
001 (251375.000.000) 2024-04-18 16:16:59 Job executing on host: <128.105.69.208:9618?addrs=128.105.69.208-9618+[2607-f388-2200-100-eaeb-d3ff-fe3f-fbcc]-9618&alias=e2591.chtc.wisc.edu&noUDP&sock=startd_22570_b89f>
	SlotName: slot1_51@e2591.chtc.wisc.edu
	CondorScratchDir = "/var/lib/condor/execute/slot1/dir_1655128"
	Cpus = 1
	Disk = 6701878
	GPUs = 0
	IoHeavy = 0
	Memory = 2048
...
006 (251375.000.000) 2024-04-18 16:17:08 Image size of job updated: 2097152
	2048  -  MemoryUsage of job (MB)
	2097040  -  ResidentSetSize of job (KB)
...
007 (251375.000.000) 2024-04-18 16:17:12 Shadow exception!
	Error from slot1_51@e2591.chtc.wisc.edu: disk usage exceeded request_disk
	0  -  Run Bytes Sent By Job
	1046  -  Run Bytes Received By Job
...
012 (251375.000.000) 2024-04-18 16:17:13 Job was held.
	Error from slot1_51@e2591.chtc.wisc.edu: disk usage exceeded request_disk
	Code 21 Subcode 103
...
009 (251375.000.000) 2024-04-18 16:17:29 Job was aborted.
	via condor_rm (by user sadesai3)
...
