000 (251748.000.000) 2024-04-19 13:07:22 Job submitted from host: <128.104.100.148:9618?addrs=128.104.100.148-9618+[2607-f388-107c-501-216-3eff-feb2-bc11]-9618&alias=learn.chtc.wisc.edu&noUDP&sock=schedd_1351356_64bc>
...
040 (251748.000.000) 2024-04-19 13:08:00 Started transferring input files
	Transferring to host: <128.105.69.165:9618?addrs=128.105.69.165-9618+[2607-f388-2200-100-1270-fdff-fe56-7194]-9618&alias=e2548.chtc.wisc.edu&noUDP&sock=slot1_1_4032621_0d6a_65783>
...
040 (251748.000.000) 2024-04-19 13:08:08 Finished transferring input files
...
001 (251748.000.000) 2024-04-19 13:08:09 Job executing on host: <128.105.69.165:9618?addrs=128.105.69.165-9618+[2607-f388-2200-100-1270-fdff-fe56-7194]-9618&alias=e2548.chtc.wisc.edu&noUDP&sock=startd_1308640_c53d>
	SlotName: slot1_1@e2548.chtc.wisc.edu
	CondorScratchDir = "/var/lib/condor/execute/slot1/dir_3325749"
	Cpus = 1
	Disk = 2256768
	GPUs = 0
	IoHeavy = 0
	Memory = 7168
...
006 (251748.000.000) 2024-04-19 13:08:18 Image size of job updated: 790104
	749  -  MemoryUsage of job (MB)
	766128  -  ResidentSetSize of job (KB)
...
006 (251748.000.000) 2024-04-19 13:08:28 Image size of job updated: 2839948
	749  -  MemoryUsage of job (MB)
	766896  -  ResidentSetSize of job (KB)
...
040 (251748.000.000) 2024-04-19 13:08:28 Started transferring output files
...
040 (251748.000.000) 2024-04-19 13:08:28 Finished transferring output files
...
005 (251748.000.000) 2024-04-19 13:08:28 Job terminated.
	(1) Normal termination (return value 1)
		Usr 0 00:00:15, Sys 0 00:00:02  -  Run Remote Usage
		Usr 0 00:00:00, Sys 0 00:00:00  -  Run Local Usage
		Usr 0 00:00:15, Sys 0 00:00:02  -  Total Remote Usage
		Usr 0 00:00:00, Sys 0 00:00:00  -  Total Local Usage
	1180  -  Run Bytes Sent By Job
	286210752  -  Run Bytes Received By Job
	1180  -  Total Bytes Sent By Job
	286210752  -  Total Bytes Received By Job
	Partitionable Resources :    Usage  Request Allocated 
	   Cpus                 :        0        1         1 
	   Disk (KB)            :   433771  1048576   2256768 
	   GPUs                 :                           0 
	   IoHeavy              :                           0 
	   Memory (MB)          :      749     7168      7168 
	   TimeExecute (s)      :       19                    
	   TimeSlotBusy (s)     :       28                    

	Job terminated of its own accord at 2024-04-19T18:08:28Z with exit-code 1.
...
