000 (251747.000.000) 2024-04-19 13:03:41 Job submitted from host: <128.104.100.148:9618?addrs=128.104.100.148-9618+[2607-f388-107c-501-216-3eff-feb2-bc11]-9618&alias=learn.chtc.wisc.edu&noUDP&sock=schedd_1351356_64bc>
...
040 (251747.000.000) 2024-04-19 13:04:30 Started transferring input files
	Transferring to host: <128.105.69.165:9618?addrs=128.105.69.165-9618+[2607-f388-2200-100-1270-fdff-fe56-7194]-9618&alias=e2548.chtc.wisc.edu&noUDP&sock=slot1_1_4032621_0d6a_65777>
...
040 (251747.000.000) 2024-04-19 13:04:42 Finished transferring input files
...
001 (251747.000.000) 2024-04-19 13:04:43 Job executing on host: <128.105.69.165:9618?addrs=128.105.69.165-9618+[2607-f388-2200-100-1270-fdff-fe56-7194]-9618&alias=e2548.chtc.wisc.edu&noUDP&sock=startd_1308640_c53d>
	SlotName: slot1_1@e2548.chtc.wisc.edu
	CondorScratchDir = "/var/lib/condor/execute/slot1/dir_3325210"
	Cpus = 1
	Disk = 2256768
	GPUs = 0
	IoHeavy = 0
	Memory = 7168
...
006 (251747.000.000) 2024-04-19 13:04:51 Image size of job updated: 762040
	745  -  MemoryUsage of job (MB)
	761960  -  ResidentSetSize of job (KB)
...
006 (251747.000.000) 2024-04-19 13:05:13 Image size of job updated: 7034460
	745  -  MemoryUsage of job (MB)
	761960  -  ResidentSetSize of job (KB)
...
040 (251747.000.000) 2024-04-19 13:05:13 Started transferring output files
...
040 (251747.000.000) 2024-04-19 13:05:13 Finished transferring output files
...
005 (251747.000.000) 2024-04-19 13:05:13 Job terminated.
	(1) Normal termination (return value 1)
		Usr 0 00:00:25, Sys 0 00:00:03  -  Run Remote Usage
		Usr 0 00:00:00, Sys 0 00:00:00  -  Run Local Usage
		Usr 0 00:00:25, Sys 0 00:00:03  -  Total Remote Usage
		Usr 0 00:00:00, Sys 0 00:00:00  -  Total Local Usage
	3083  -  Run Bytes Sent By Job
	286210816  -  Run Bytes Received By Job
	3083  -  Total Bytes Sent By Job
	286210816  -  Total Bytes Received By Job
	Partitionable Resources :    Usage  Request Allocated 
	   Cpus                 :        0        1         1 
	   Disk (KB)            :   433773  1048576   2256768 
	   GPUs                 :                           0 
	   IoHeavy              :                           0 
	   Memory (MB)          :      745     7168      7168 
	   TimeExecute (s)      :       30                    
	   TimeSlotBusy (s)     :       43                    

	Job terminated of its own accord at 2024-04-19T18:05:13Z with exit-code 1.
...
